
Like a bilingual baby: The advantage of visually grounding a bilingual language model → arXiv ID 2210.05487 returned no data
Like a bilingual baby: The advantage of visually grounding a bilingual language model → CrossRef lookup for “Like a bilingual baby” found no DOI
Like a bilingual baby: The advantage of visually grounding a bilingual language model → title+author query returned no data
Like a bilingual baby: The advantage of visually grounding a bilingual language model → No reliable metadata found via arXiv/DOI/Title
Few-shot Learning with Multilingual Language Models → arXiv ID 2112.10668 returned no data
Few-shot Learning with Multilingual Language Models → Zotero DOI 10.48550/arXiv.2112.10668 returned no data
Overview of the interspeech tlt2020 shared task onasr for non-native children’s speech → CrossRef lookup for “Overview of the interspeech tlt2020 shared task onasr for nonnative childrens speech” found no DOI
Overview of the interspeech tlt2020 shared task onasr for non-native children’s speech → title+author query returned no data
Overview of the interspeech tlt2020 shared task onasr for non-native children’s speech → No reliable metadata found via arXiv/DOI/Title
Learning not to Discriminate: Task Agnostic Learning for Improving Monolingual and Code-switched Speech Recognition → arXiv ID 2006.05257 returned no data
SpeechStew: Simply Mix All Available Speech Recognition Data to Train One Large Neural Network → arXiv ID 2104.02133 returned no data
SpeechStew: Simply Mix All Available Speech Recognition Data to Train One Large Neural Network → CrossRef lookup for “SpeechStew” found no DOI
SpeechStew: Simply Mix All Available Speech Recognition Data to Train One Large Neural Network → title+author query returned no data
SpeechStew: Simply Mix All Available Speech Recognition Data to Train One Large Neural Network → No reliable metadata found via arXiv/DOI/Title
XLS-R: Self-supervised Cross-lingual Speech Representation Learning at Scale → arXiv ID 2111.09296 returned no data
XLS-R: Self-supervised Cross-lingual Speech Representation Learning at Scale → CrossRef lookup for “XLSR” found no DOI
XLS-R: Self-supervised Cross-lingual Speech Representation Learning at Scale → title+author query returned no data
XLS-R: Self-supervised Cross-lingual Speech Representation Learning at Scale → No reliable metadata found via arXiv/DOI/Title
GigaSpeech: An Evolving, Multi-domain ASR Corpus with 10,000 Hours of Transcribed Audio → arXiv ID 2106.06909 returned no data
FASA: a Flexible and Automatic Speech Aligner for Extracting High-quality Aligned Children Speech Data → CrossRef lookup for “FASA” found no DOI
Multilingual children's language use: The case of “the return of Superman” show → CrossRef lookup for “Multilingual childrens language use” found no DOI
Multilingual children's language use: The case of “the return of Superman” show → title+author query returned no data
Multilingual children's language use: The case of “the return of Superman” show → No reliable metadata found via arXiv/DOI/Title
Bi- and Multilingual Language Acquisition → CrossRef lookup for “Bi and Multilingual Language Acquisition” found no DOI
Bi- and Multilingual Language Acquisition → title+author query returned no data
Bi- and Multilingual Language Acquisition → No reliable metadata found via arXiv/DOI/Title
Code-mixing and language dominance: bilingual, trilingual and multilingual children compared → Zotero DOI 10.1080/14790718.2019.1569017 returned no data
Benchmarking Children's ASR with Supervised and Self-supervised Speech Foundation Models → arXiv ID 2406.10507 returned no data
The Phonbank Database within Talkbank, and a Practical Overview of the Phon Program → CrossRef lookup for “The Phonbank Database within Talkbank and a Practical Overview of the Phon Program” found no DOI
Cristia: Accuracy of the language environment analysis... - Google Scholar → CrossRef lookup for “Cristia” found no DOI
Cristia: Accuracy of the language environment analysis... - Google Scholar → title+author query returned no data
Cristia: Accuracy of the language environment analysis... - Google Scholar → No reliable metadata found via arXiv/DOI/Title
LPC Augment: An LPC-Based ASR Data Augmentation Algorithm for Low and Zero-Resource Children's Dialects → arXiv ID 2202.09529 returned no data
LPC Augment: An LPC-Based ASR Data Augmentation Algorithm for Low and Zero-Resource Children's Dialects → Zotero DOI 10.48550/arXiv.2202.09529 returned no data
A Survey of Code-switched Speech and Language Processing → arXiv ID 1904.00784 returned no data
Multilingual and code-switching ASR challenges for low resource Indian languages → arXiv ID 2104.00235 returned no data
SpecAugment: A Simple Data Augmentation Method for Automatic Speech Recognition → arXiv ID 1904.08779 returned no data
SERENGETI: Massively Multilingual Language Models for Africa → arXiv ID 2212.10785 returned no data
Learning Robust and Multilingual Speech Representations → arXiv ID 2001.11128 returned no data
Learning Robust and Multilingual Speech Representations → Zotero DOI 10.48550/arXiv.2001.11128 returned no data
Self-Supervised Speech Representation Learning: A Review → arXiv ID 2205.10643 returned no data
Massively Multilingual Text Translation For Low-Resource Languages → arXiv ID 2401.16582 returned no data
A Wav2vec2-Based Experimental Study on Self-Supervised Learning Methods to Improve Child Speech Recognition → arXiv ID 2204.05419 returned no data
Multilingual DistilWhisper: Efficient Distillation of Multi-task Speech Models via Language-Specific Experts → arXiv ID 2311.01070 returned no data
Multilingual DistilWhisper: Efficient Distillation of Multi-task Speech Models via Language-Specific Experts → Zotero DOI 10.48550/arXiv.2311.01070 returned no data
Data Augmentation For Children's Speech Recognition -- The "Ethiopian" System For The SLT 2021 Children Speech Recognition Challenge → arXiv ID 2011.04547 returned no data
Data Augmentation For Children's Speech Recognition -- The "Ethiopian" System For The SLT 2021 Children Speech Recognition Challenge → Zotero DOI 10.48550/arXiv.2011.04547 returned no data
(PDF) Towards inclusive automatic speech recognition → CrossRef lookup for “” found no DOI
(PDF) Towards inclusive automatic speech recognition → title+author query returned no data
(PDF) Towards inclusive automatic speech recognition → No reliable metadata found via arXiv/DOI/Title
Cross-Language Transfer Learning, Continuous Learning, and Domain Adaptation for End-to-End Automatic Speech Recognition → arXiv ID 2005.04290 returned no data
Cross-Language Transfer Learning, Continuous Learning, and Domain Adaptation for End-to-End Automatic Speech Recognition → Zotero DOI 10.48550/arXiv.2005.04290 returned no data
Acoustics of children’s speech: Developmental changes of temporal and spectral parametersa) → CrossRef lookup for “Acoustics of childrens speech” found no DOI
Acoustics of children’s speech: Developmental changes of temporal and spectral parametersa) → title+author query returned no data
Acoustics of children’s speech: Developmental changes of temporal and spectral parametersa) → No reliable metadata found via arXiv/DOI/Title
Improving Children's Speech Recognition by Fine-tuning Self-supervised Adult Speech Representations → arXiv ID 2211.07769 returned no data
Selective Attention Merging for low resource tasks: A case study of Child ASR → arXiv ID 2501.08468 returned no data
Transfer Learning for Robust Low-Resource Children's Speech ASR with Transformers and Source-Filter Warping → Zotero DOI 10.21437/Interspeech.2022-10964 returned no data
ChildAugment: Data Augmentation Methods for Zero-Resource Children's Speaker Verification → arXiv ID 2402.15214 returned no data
Reducing Bias in State-of-the-Art ASR Systems for Child Speech → CrossRef lookup for “Reducing Bias in StateoftheArt ASR Systems for Child Speech” found no DOI
Reducing Bias in State-of-the-Art ASR Systems for Child Speech → title+author query returned no data
Reducing Bias in State-of-the-Art ASR Systems for Child Speech → No reliable metadata found via arXiv/DOI/Title
MoLE : Mixture Of Language Experts For Multi-Lingual Automatic Speech Recognition → No reliable metadata found via arXiv/DOI/Title
Overview of the interspeech tlt2020 shared task onasr for non-native children’s speech → No reliable metadata found via arXiv/DOI/Title
Improved Children’s Automatic Speech Recognition Combining Adapters and Synthetic Data Augmentation → No reliable metadata found via arXiv/DOI/Title
Masked-Speech Recognition for Linguistically Diverse Populations: A Focused Review and Suggestions for the Future → No reliable metadata found via arXiv/DOI/Title
Development of robust automatic speech recognition system for children's using kaldi toolkit → No reliable metadata found via arXiv/DOI/Title
Etlt 2021: Shared task on automatic speech recognition for non-native children’s speech → No reliable metadata found via arXiv/DOI/Title
Multilingual phonetic dataset for low resource speech recognition → No reliable metadata found via arXiv/DOI/Title
Voice Conversion Based Data Augmentation to Improve Children’s Speech Recognition in Limited Data Scenario → No reliable metadata found via arXiv/DOI/Title
Transfer learning from adult to children for speech recognition: Evaluation, analysis and recommendations → No reliable metadata found via arXiv/DOI/Title
End-to-end neural systems for automatic children speech recognition: An empirical study → No reliable metadata found via arXiv/DOI/Title
[PDF] Spectral Modification Based Data Augmentation For Improving End-to-End ASR For Children's Speech | Semantic Scholar → No reliable metadata found via arXiv/DOI/Title
A comparative analysis between Conformer-Transducer, Whisper, and wav2vec2 for improving the child speech recognition → No reliable metadata found via arXiv/DOI/Title
FASA: a Flexible and Automatic Speech Aligner for Extracting High-quality Aligned Children Speech Data → No reliable metadata found via arXiv/DOI/Title
Exploring Adapters with Conformers for Children’s Automatic Speech Recognition → No reliable metadata found via arXiv/DOI/Title
Exploring Native and Non-Native English Child Speech Recognition With Whisper → No reliable metadata found via arXiv/DOI/Title
[PDF] Reducing Multilingual Context Confusion for End-to-end Code-switching Automatic Speech Recognition | Semantic Scholar → No reliable metadata found via arXiv/DOI/Title
Evaluating and improving child-directed automatic speech recognition → No reliable metadata found via arXiv/DOI/Title
A review of ASR technologies for children's speech → No reliable metadata found via arXiv/DOI/Title
Deep-neural network approaches for speech recognition with heterogeneous groups of speakers including children → No reliable metadata found via arXiv/DOI/Title
Language-agnostic age and gender classification of voice using self-supervised pre-training → No reliable metadata found via arXiv/DOI/Title
Towards age-independent acoustic modeling → No reliable metadata found via arXiv/DOI/Title
The child language data exchange system → No reliable metadata found via arXiv/DOI/Title
Mapping the Early Language Environment Using All-Day Recordings and Automated Analysis → No reliable metadata found via arXiv/DOI/Title
Multilingual Children: Beyond Myths and Toward Best Practices and commentaries → No reliable metadata found via arXiv/DOI/Title
Language acquisition in a multilingual society: English vocabulary norms and predictors in Singaporean children → No reliable metadata found via arXiv/DOI/Title
Multilingual children's language use: The case of “the return of Superman” show → No reliable metadata found via arXiv/DOI/Title
Bi- and Multilingual Language Acquisition → No reliable metadata found via arXiv/DOI/Title
Code-mixing and language dominance: bilingual, trilingual and multilingual children compared → No reliable metadata found via arXiv/DOI/Title
19. Translation to Practice: Transcription of the Speech of Multilingual Children → No reliable metadata found via arXiv/DOI/Title
Multilingual Transfer Learning for Children Automatic Speech Recognition → No reliable metadata found via arXiv/DOI/Title
SAYCam: A Large, Longitudinal Audiovisual Dataset Recorded From the Infant’s Perspective → No reliable metadata found via arXiv/DOI/Title
ML-SUPERB: Multilingual Speech Universal PERformance Benchmark → No reliable metadata found via arXiv/DOI/Title
The OGI kids’ speech corpus and recognizers → No reliable metadata found via arXiv/DOI/Title
Robust Speech Recognition via Large-Scale Weak Supervision → No reliable metadata found via arXiv/DOI/Title
Scaling End-to-End Models for Large-Scale Multilingual ASR → No reliable metadata found via arXiv/DOI/Title
The Phonbank Database within Talkbank, and a Practical Overview of the Phon Program → No reliable metadata found via arXiv/DOI/Title
Cristia: Accuracy of the language environment analysis... - Google Scholar → No reliable metadata found via arXiv/DOI/Title
A thorough evaluation of the Language Environment Analysis (LENA) system → No reliable metadata found via arXiv/DOI/Title
